NEB log file generated by ORCA
All quantities are given in atomic units. Unless stated otherwise. 
iteration       : 0
climbing        : no
zoom on         : no
nim             : 10
barrier         :   0.02223540 (image:  5) 
distance        :   0.00000000    1.54532143    3.09389494    4.64634956    6.20145290    7.75984745    9.31791313   10.87255503   12.42223984   13.96809009 
energy          : -422.02001370  -422.01514627  -422.00776356  -422.00158075  -421.99784855  -421.99777830  -422.00179048  -422.00869793  -422.01670772  -422.02209944 
max(|Fr_perp|)   :   0.00000000    0.04464573    0.05292992    0.06043062    0.06868830    0.06890045    0.06156474    0.05053074    0.03860873    0.00000000 
Fr_paral         :   0.00000000   -0.00337577   -0.00369489   -0.00275190   -0.00086247    0.00080765    0.00296170    0.00394330    0.00356469    0.00000000 
max(|Fsp_paral|) :   0.00000000    0.02017323    0.01559463    0.00798832    0.00023853    0.00001238    0.00856357    0.01589605    0.01880987    0.00000000 
max(|Fsp_perp|)  :   0.00000000    0.00000000    0.00000000    0.00000000    0.00000000    0.00000000    0.00000000    0.00000000    0.00000000    0.00000000 
max(|FNEB|)      :   0.00000000    0.04395032    0.05203647    0.06106532    0.06896264    0.06916044    0.06113027    0.05181464    0.04237195    0.00000000 
max(|Force|)     :   0.03444326    0.04488531    0.05324033    0.06057795    0.06891066    0.06917660    0.06186971    0.05082498    0.03854255    0.02545092 
ksp              :   0.02973438    0.05959299    0.08460446    0.09970969    0.10000000    0.10000000    0.08377315    0.05583612    0.02343950 
max(|step|)      :   0.00000000    0.04520296    0.05351958    0.06280577    0.07092817    0.07113161    0.06287257    0.05329143    0.04357961    0.00000000 
angle (deg.)     :    9.0053  9.7492  9.7301  9.7997  9.7481  9.4135  9.2615  8.4047 
>
iteration       : 1
climbing        : no
zoom on         : no
nim             : 10
barrier         :   0.01472000 (image:  4) 
distance        :   0.00000000    1.59186901    3.13060060    4.66576060    6.19627065    7.75392745    9.28449242   10.81840305   12.35826953   13.95428701 
energy          : -422.02001370  -422.01792181  -422.01248000  -422.00791251  -422.00529370  -422.00555602  -422.00895052  -422.01437657  -422.02022716  -422.02209944 
max(|Fr_perp|)   :   0.00000000    0.01899542    0.02236420    0.02312634    0.02149423    0.02531593    0.02609354    0.02389130    0.02097705    0.00000000 
Fr_paral         :   0.00000000   -0.00375085   -0.00433309   -0.00382965   -0.00217866    0.00283733    0.00420946    0.00448773    0.00382169    0.00000000 
max(|Fsp_paral|) :   0.00000000    0.02173499    0.01698523    0.00812844    0.00082513    0.00156581    0.01055662    0.01838208    0.01963199    0.00000000 
max(|Fsp_perp|)  :   0.00000000    0.00000000    0.00000000    0.00000000    0.00000000    0.00000000    0.00000000    0.00000000    0.00000000    0.00000000 
max(|FNEB|)      :   0.00000000    0.02497377    0.02221470    0.02150665    0.02093778    0.02576978    0.02859906    0.02752639    0.02420214    0.00000000 
max(|Force|)     :   0.03444326    0.01924522    0.02283185    0.02372009    0.02192789    0.02507011    0.02575847    0.02356888    0.02074399    0.02545092 
ksp              :   0.02279007    0.05606199    0.08398825    0.10000000    0.10000000    0.09839616    0.07764174    0.04446614    0.01000000 
max(|step|)      :   0.00000000    0.02674867    0.02309412    0.02110118    0.01990294    0.01914811    0.02288942    0.02340618    0.02413219    0.00218711 
angle (deg.)     :    8.9315  9.6920  9.6274  9.7992  9.7225  9.2698  9.1985  8.3417 
>
iteration       : 2
climbing        : yes
zoom on         : no
nim             : 10
barrier         :   0.01322437 (image:  4) 
distance        :   0.00000000    1.64611572    3.17720888    4.69434066    6.20296027    7.75409746    9.25781931   10.77184693   12.30818978   13.96151785 
energy          : -422.02001370  -422.01849533  -422.01354811  -422.00929778  -422.00678933  -422.00698838  -422.01015166  -422.01524949  -422.02073476  -422.02209944 
max(|Fr_perp|)   :   0.00000000    0.00844446    0.01166055    0.01280235    0.01455054    0.01654867    0.01604621    0.01369036    0.01045050    0.00000000 
Fr_paral         :   0.00000000   -0.00336420   -0.00385266   -0.00328646   -0.00176373    0.00232365    0.00385963    0.00428758    0.00375052    0.00000000 
max(|Fsp_paral|) :   0.00000000    0.02138668    0.01711427    0.00843658    0.00129256    0.00205449    0.01057791    0.01869455    0.01819383    0.00000000 
max(|Fsp_perp|)  :   0.00000000    0.00000000    0.00000000    0.00000000    0.00000000    0.00000000    0.00000000    0.00000000    0.00000000    0.00000000 
max(|FNEB|)      :   0.00000000    0.02476399    0.02274496    0.01554675    0.01458134    0.01681327    0.01681420    0.02194975    0.01986346    0.00000000 
max(|Force|)     :   0.03444326    0.00849040    0.01164070    0.01273502    0.01470955    0.01663831    0.01609705    0.01370393    0.01043195    0.02545092 
ksp              :   0.02034644    0.05400994    0.08293010    0.10000000    0.10000000    0.09864955    0.07713053    0.04244709    0.01000000 
max(|step|)      :   0.00000000    0.06559110    0.06024339    0.04117787    0.03862084    0.04453242    0.04453490    0.05813715    0.05261133    0.00000000 
angle (deg.)     :    9.0297  9.5553  9.3623  9.6580  9.5182  8.9880  9.1075  8.6534 
>
iteration       : 3
climbing        : yes
zoom on         : no
nim             : 10
barrier         :   0.01276188 (image:  4) 
distance        :   0.00000000    1.77655845    3.29355694    4.76688998    6.22536131    7.74776848    9.19076646   10.65551267   12.20140454   13.98420670 
energy          : -422.02001370  -422.01852123  -422.01399402  -422.00986880  -422.00725182  -422.00730702  -422.01035087  -422.01528894  -422.02062881  -422.02209944 
max(|Fr_perp|)   :   0.00000000    0.01430667    0.01743686    0.02390339    0.03068422    0.03305493    0.03039124    0.02503652    0.01973700    0.00000000 
Fr_paral         :   0.00000000   -0.00253613   -0.00293837   -0.00243511   -0.00107403    0.00130507    0.00294256    0.00346893    0.00301812    0.00000000 
max(|Fsp_paral|) :   0.00000000    0.01873517    0.01602614    0.00866727    0.00194249    0.00258172    0.00980301    0.01717465    0.01836332    0.00000000 
max(|Fsp_perp|)  :   0.00000000    0.00000000    0.00000000    0.00000000    0.00000000    0.00000000    0.00000000    0.00000000    0.00000000    0.00000000 
max(|FNEB|)      :   0.00000000    0.01992639    0.02007216    0.02432470    0.03070210    0.03292231    0.02977148    0.02372831    0.01871389    0.00000000 
max(|Force|)     :   0.03444326    0.01421794    0.01738485    0.02386503    0.03066634    0.03307667    0.03045339    0.02513198    0.01983854    0.02545092 
ksp              :   0.02052527    0.05245229    0.08154443    0.10000000    0.10000000    0.09961071    0.07814469    0.04332022    0.01000000 
max(|step|)      :   0.00000000    0.09406972    0.08318714    0.05474157    0.03186772    0.03878887    0.07018904    0.10000000    0.09764687    0.02004300 
angle (deg.)     :    9.5041  9.3962  8.8857  9.4404  9.1593  8.5261  9.0705  9.4146 
>
iteration       : 4
climbing        : yes
zoom on         : no
nim             : 10
barrier         :   0.01254340 (image:  4) 
distance        :   0.00000000    1.97078039    3.46926520    4.87744058    6.25228159    7.73249953    9.08511314   10.47446835   12.02791548   14.01186615 
energy          : -422.02001370  -422.01856891  -422.01425554  -422.01015332  -422.00747030  -422.00748757  -422.01043128  -422.01518257  -422.02051305  -422.02209944 
max(|Fr_perp|)   :   0.00000000    0.01924045    0.02425111    0.03171698    0.03894196    0.04148593    0.03863925    0.03226435    0.02463146    0.00000000 
Fr_paral         :   0.00000000   -0.00244850   -0.00287943   -0.00239574   -0.00091496    0.00120442    0.00296603    0.00355635    0.00312226    0.00000000 
max(|Fsp_paral|) :   0.00000000    0.01588264    0.01439393    0.00803834    0.00320626    0.00392464    0.00857370    0.01439282    0.01852988    0.00000000 
max(|Fsp_perp|)  :   0.00000000    0.00000000    0.00000000    0.00000000    0.00000000    0.00000000    0.00000000    0.00000000    0.00000000    0.00000000 
max(|FNEB|)      :   0.00000000    0.02010733    0.02499678    0.03224722    0.03917999    0.04154318    0.03835644    0.03135776    0.02304937    0.00000000 
max(|Force|)     :   0.03444326    0.01930074    0.02433826    0.03186335    0.03915288    0.04174265    0.03892167    0.03255057    0.02489001    0.02545092 
ksp              :   0.02039533    0.05132020    0.08074248    0.10000000    0.10000000    0.09989084    0.07878904    0.04472206    0.01000000 
max(|step|)      :   0.00000000    0.02692173    0.03346822    0.04317585    0.05245815    0.05562222    0.05135549    0.04198495    0.03086083    0.00000000 
angle (deg.)     :    9.7244  9.2609  8.6861  9.3196  8.9713  8.4353  9.0035  9.6256 
>
iteration       : 5
climbing        : yes
zoom on         : no
nim             : 10
barrier         :   0.01090163 (image:  4) 
distance        :   0.00000000    2.01984100    3.51744823    4.90743973    6.25117825    7.71292319    9.04784131   10.41734794   11.95710593   14.00773487 
energy          : -422.02001370  -422.01900546  -422.01502982  -422.01138508  -422.00911207  -422.00921312  -422.01193585  -422.01627309  -422.02111760  -422.02209944 
max(|Fr_perp|)   :   0.00000000    0.01143247    0.01215619    0.01193043    0.01491890    0.01670257    0.01568060    0.01410380    0.01164564    0.00000000 
Fr_paral         :   0.00000000   -0.00278121   -0.00320136   -0.00267185   -0.00128027    0.00181348    0.00343888    0.00404547    0.00361947    0.00000000 
max(|Fsp_paral|) :   0.00000000    0.01700819    0.01411402    0.00723698    0.00358325    0.00418397    0.00911807    0.01508456    0.01579395    0.00000000 
max(|Fsp_perp|)  :   0.00000000    0.00000000    0.00000000    0.00000000    0.00000000    0.00000000    0.00000000    0.00000000    0.00000000    0.00000000 
max(|FNEB|)      :   0.00000000    0.01817937    0.01509387    0.01253078    0.01489671    0.01693150    0.01614220    0.01458346    0.01566998    0.00000000 
max(|Force|)     :   0.03444326    0.01164977    0.01250577    0.01228873    0.01494109    0.01667145    0.01562292    0.01434684    0.01176804    0.02545092 
ksp              :   0.01832361    0.05114517    0.08123484    0.10000000    0.10000000    0.09916580    0.07668784    0.04088117    0.01000000 
max(|step|)      :   0.00000000    0.02251522    0.01822558    0.01193127    0.00715522    0.00840125    0.01205514    0.01776213    0.02020557    0.00098505 
angle (deg.)     :    9.9368  9.1530  8.5194  9.1832  8.7988  8.3576  8.9658  9.9158 
>
iteration       : 6
climbing        : yes
zoom on         : no
nim             : 10
barrier         :   0.01070638 (image:  4) 
distance        :   0.00000000    2.07042129    3.56529319    4.93699167    6.25382072    7.69647297    9.01456904   10.36572257   11.90192207   14.01156476 
energy          : -422.02001370  -422.01904440  -422.01510386  -422.01152252  -422.00930732  -422.00941726  -422.01208684  -422.01634276  -422.02116441  -422.02209944 
max(|Fr_perp|)   :   0.00000000    0.00815521    0.01031011    0.01344219    0.01618064    0.01707225    0.01603521    0.01393974    0.01104141    0.00000000 
Fr_paral         :   0.00000000   -0.00263668   -0.00305136   -0.00250887   -0.00109877    0.00162828    0.00320336    0.00383471    0.00341576    0.00000000 
max(|Fsp_paral|) :   0.00000000    0.01670256    0.01351413    0.00674365    0.00381643    0.00414179    0.00898681    0.01455571    0.01545110    0.00000000 
max(|Fsp_perp|)  :   0.00000000    0.00000000    0.00000000    0.00000000    0.00000000    0.00000000    0.00000000    0.00000000    0.00000000    0.00000000 
max(|FNEB|)      :   0.00000000    0.01842434    0.01576176    0.01300256    0.01616193    0.01729494    0.01648622    0.01539359    0.01588106    0.00000000 
max(|Force|)     :   0.03444326    0.00822165    0.01038275    0.01349471    0.01619936    0.01704482    0.01598214    0.01386226    0.01094979    0.02545092 
ksp              :   0.01814811    0.05127306    0.08137858    0.10000000    0.10000000    0.09907574    0.07663475    0.04085863    0.01000000 
max(|step|)      :   0.00000000    0.09988228    0.08147428    0.05211942    0.02910654    0.03618745    0.05202269    0.08718959    0.10000000    0.00677691 
angle (deg.)     :    10.9346  8.7607  7.7948  8.5719  8.0659  7.9690  8.8761  11.2228 
>
iteration       : 7
climbing        : yes
zoom on         : no
nim             : 10
barrier         :   0.01071543 (image:  4) 
distance        :   0.00000000    2.29293911    3.77344318    5.06393826    6.26504223    7.62421356    8.86806278   10.14037779   11.66066104   14.02778694 
energy          : -422.02001370  -422.01871178  -422.01472266  -422.01132644  -422.00929827  -422.00934597  -422.01177079  -422.01576105  -422.02067731  -422.02209944 
max(|Fr_perp|)   :   0.00000000    0.00917268    0.01239874    0.01383948    0.01387436    0.01356425    0.01383118    0.01272905    0.01055140    0.00000000 
Fr_paral         :   0.00000000   -0.00249575   -0.00286623   -0.00226912   -0.00084122    0.00124906    0.00270158    0.00344814    0.00299048    0.00000000 
max(|Fsp_paral|) :   0.00000000    0.01364427    0.00999296    0.00434885    0.00476731    0.00362598    0.00758294    0.01098924    0.01678589    0.00000000 
max(|Fsp_perp|)  :   0.00000000    0.00000000    0.00000000    0.00000000    0.00000000    0.00000000    0.00000000    0.00000000    0.00000000    0.00000000 
max(|FNEB|)      :   0.00000000    0.01629145    0.01468729    0.01423593    0.01396714    0.01568018    0.01711626    0.01616071    0.01826387    0.00000000 
max(|Force|)     :   0.03444326    0.00931092    0.01256837    0.01399691    0.01399512    0.01348527    0.01359257    0.01248621    0.01043719    0.02545092 
ksp              :   0.02095274    0.05444912    0.08296802    0.10000000    0.10000000    0.09959856    0.07924012    0.04573942    0.01000000 
max(|step|)      :   0.00000000    0.03053275    0.02752630    0.02668038    0.02617662    0.02938712    0.03207856    0.03028772    0.03422936    0.00000000 
angle (deg.)     :    10.9803  8.6448  7.7093  8.4124  7.9957  7.8112  8.7844  11.2281 
>
iteration       : 8
climbing        : yes
zoom on         : no
nim             : 10
barrier         :   0.01034946 (image:  5) 
distance        :   0.00000000    2.35347441    3.82248911    5.08783597    6.26588622    7.60096509    8.82386119   10.08038858   11.57292819   14.02508499 
energy          : -422.02001370  -422.01871897  -422.01485718  -422.01160598  -422.00966447  -422.00966424  -422.01198331  -422.01583435  -422.02057905  -422.02209944 
max(|Fr_perp|)   :   0.00000000    0.00859358    0.01086223    0.01170291    0.01216024    0.01264320    0.01309131    0.01228237    0.01111823    0.00000000 
Fr_paral         :   0.00000000   -0.00259179   -0.00293298   -0.00237247   -0.00111828    0.00146555    0.00292567    0.00366019    0.00321979    0.00000000 
max(|Fsp_paral|) :   0.00000000    0.01282317    0.00934223    0.00424842    0.00473567    0.00338270    0.00726507    0.01099290    0.01641498    0.00000000 
max(|Fsp_perp|)  :   0.00000000    0.00000000    0.00000000    0.00000000    0.00000000    0.00000000    0.00000000    0.00000000    0.00000000    0.00000000 
max(|FNEB|)      :   0.00000000    0.01213853    0.01076958    0.01111199    0.01199062    0.01325660    0.01292631    0.01177810    0.01478459    0.00000000 
max(|Force|)     :   0.03444326    0.00881971    0.01119961    0.01202721    0.01232985    0.01288025    0.01349202    0.01267888    0.01136513    0.02545092 
ksp              :   0.02125910    0.05484163    0.08311443    0.09999801    0.10000000    0.10000000    0.07983311    0.04634402    0.01000000 
max(|step|)      :   0.00000000    0.02712356    0.02054444    0.00997744    0.00831492    0.00978641    0.01554538    0.02234459    0.03331929    0.00167208 
angle (deg.)     :    11.1248  8.5600  7.5989  8.2195  7.8889  7.6751  8.6938  11.3863 
>
iteration       : 9
climbing        : yes
zoom on         : no
nim             : 10
barrier         :   0.01029976 (image:  5) 
distance        :   0.00000000    2.41456337    3.87217181    5.11325791    6.26861080    7.57930838    8.78132190   10.02109480   11.48657107   14.02623996 
energy          : -422.02001370  -422.01866206  -422.01482625  -422.01163360  -422.00972578  -422.00971394  -422.01194997  -422.01572707  -422.02041310  -422.02209944 
max(|Fr_perp|)   :   0.00000000    0.00853171    0.01167389    0.01294958    0.01307978    0.01226024    0.01269719    0.01205790    0.01043545    0.00000000 
Fr_paral         :   0.00000000   -0.00244408   -0.00276694   -0.00224220   -0.00100265    0.00133057    0.00277997    0.00356007    0.00314806    0.00000000 
max(|Fsp_paral|) :   0.00000000    0.01172137    0.00857354    0.00407315    0.00472156    0.00327980    0.00675645    0.01064219    0.01620307    0.00000000 
max(|Fsp_perp|)  :   0.00000000    0.00000000    0.00000000    0.00000000    0.00000000    0.00000000    0.00000000    0.00000000    0.00000000    0.00000000 
max(|FNEB|)      :   0.00000000    0.01056910    0.01213290    0.01320079    0.01309686    0.01260678    0.01238251    0.01215130    0.01440909    0.00000000 
max(|Force|)     :   0.03444326    0.00847895    0.01161701    0.01290600    0.01306270    0.01235598    0.01307973    0.01244793    0.01068290    0.02545092 
ksp              :   0.02181073    0.05532831    0.08322585    0.09989657    0.10000000    0.10000000    0.08046143    0.04745680    0.01000000 
max(|step|)      :   0.00000000    0.07971294    0.05937268    0.02923210    0.02373925    0.02808471    0.04425988    0.06572916    0.10000000    0.00410791 
angle (deg.)     :    11.6256  8.3205  7.2399  7.6662  7.5617  7.2777  8.3546  12.0768 
>
iteration       : 10
climbing        : yes
zoom on         : no
nim             : 10
barrier         :   0.01030776 (image:  5) 
distance        :   0.00000000    2.59644393    4.02002539    5.18951986    6.27599009    7.51313040    8.65332444    9.84048992   11.22260832   14.02936367 
energy          : -422.02001370  -422.01830322  -422.01452445  -422.01155339  -422.00978238  -422.00970593  -422.01167452  -422.01519833  -422.01968962  -422.02209944 
max(|Fr_perp|)   :   0.00000000    0.00770691    0.01001243    0.01165754    0.01292576    0.01290517    0.01183275    0.00956186    0.00713074    0.00000000 
Fr_paral         :   0.00000000   -0.00245587   -0.00266114   -0.00216734   -0.00098657    0.00122502    0.00265542    0.00357005    0.00322925    0.00000000 
max(|Fsp_paral|) :   0.00000000    0.00734672    0.00585592    0.00329486    0.00478517    0.00294739    0.00518048    0.00922738    0.01308366    0.00000000 
max(|Fsp_perp|)  :   0.00000000    0.00000000    0.00000000    0.00000000    0.00000000    0.00000000    0.00000000    0.00000000    0.00000000    0.00000000 
max(|FNEB|)      :   0.00000000    0.00812584    0.01031912    0.01185021    0.01316861    0.01288572    0.01156731    0.01099671    0.01168329    0.00000000 
max(|Force|)     :   0.03444326    0.00765145    0.00995899    0.01161800    0.01291013    0.01292463    0.01187727    0.00963483    0.00740147    0.02545092 
ksp              :   0.02493467    0.05792819    0.08386937    0.09933255    0.10000000    0.10000000    0.08281171    0.05204436    0.01282963 
max(|step|)      :   0.00000000    0.07290476    0.05457182    0.03292393    0.02501242    0.02397966    0.04320106    0.06781448    0.10000000    0.00419289 
angle (deg.)     :    12.2970  8.1439  7.1870  6.7196  7.3389  6.7575  7.9544  13.0990 
>
iteration       : 11
climbing        : yes
zoom on         : no
nim             : 10
barrier         :   0.01009576 (image:  5) 
distance        :   0.00000000    2.76688373    4.16417051    5.26951705    6.34322559    7.47687283    8.52744143    9.65293224   10.95962282   14.03898619 
energy          : -422.02001370  -422.01795090  -422.01432763  -422.01167542  -422.01001315  -422.00991794  -422.01157167  -422.01473635  -422.01898924  -422.02209944 
max(|Fr_perp|)   :   0.00000000    0.01561152    0.01490121    0.01066775    0.01077300    0.01134483    0.01196926    0.01366213    0.01335920    0.00000000 
Fr_paral         :   0.00000000   -0.00217531   -0.00227460   -0.00192179   -0.00086700    0.00094894    0.00225641    0.00323759    0.00305703    0.00000000 
max(|Fsp_paral|) :   0.00000000    0.00251077    0.00310489    0.00439317    0.00210380    0.00253988    0.00299484    0.00742009    0.00559606    0.00000000 
max(|Fsp_perp|)  :   0.00000000    0.00000000    0.00000000    0.00000000    0.00000000    0.00000000    0.00000000    0.00000000    0.00000000    0.00000000 
max(|FNEB|)      :   0.00000000    0.01576190    0.01501579    0.01047518    0.01095579    0.01131618    0.01167022    0.01666273    0.01420895    0.00000000 
max(|Force|)     :   0.03444326    0.01593681    0.01521887    0.01092442    0.01102183    0.01162249    0.01242217    0.01413874    0.01381152    0.02545092 
ksp              :   0.02845310    0.06073314    0.08434013    0.09914193    0.10000000    0.10000000    0.08528008    0.05709117    0.01918787 
max(|step|)      :   0.00000000    0.01516261    0.01444487    0.01007690    0.01053924    0.01088592    0.01122650    0.01602919    0.01366870    0.00000000 
angle (deg.)     :    12.3040  8.1155  7.0952  6.8760  7.2492  6.7369  7.8402  13.2131 
>
iteration       : 12
climbing        : yes
zoom on         : no
nim             : 10
barrier         :   0.00972055 (image:  5) 
distance        :   0.00000000    2.77233777    4.17121361    5.28089335    6.34855573    7.47464239    8.51725237    9.63070433   10.94272467   14.03690703 
energy          : -422.02001370  -422.01817560  -422.01461246  -422.01197482  -422.01035867  -422.01029315  -422.01192651  -422.01501231  -422.01916979  -422.02209944 
max(|Fr_perp|)   :   0.00000000    0.00830680    0.00826237    0.00618416    0.00396955    0.00477071    0.00576021    0.00770854    0.00722434    0.00000000 
Fr_paral         :   0.00000000   -0.00256875   -0.00267748   -0.00219023   -0.00098585    0.00118578    0.00252299    0.00352082    0.00322460    0.00000000 
max(|Fsp_paral|) :   0.00000000    0.00368804    0.00360080    0.00411825    0.00197424    0.00254744    0.00320998    0.00714067    0.00673928    0.00000000 
max(|Fsp_perp|)  :   0.00000000    0.00000000    0.00000000    0.00000000    0.00000000    0.00000000    0.00000000    0.00000000    0.00000000    0.00000000 
max(|FNEB|)      :   0.00000000    0.00850060    0.00848703    0.00659496    0.00420515    0.00472516    0.00702304    0.00895383    0.00820798    0.00000000 
max(|Force|)     :   0.03444326    0.00825626    0.00819935    0.00611379    0.00393213    0.00481626    0.00631277    0.00849510    0.00779519    0.02545092 
ksp              :   0.02701844    0.06000868    0.08442988    0.09939340    0.10000000    0.10000000    0.08487710    0.05630657    0.01781355 
max(|step|)      :   0.00000000    0.00358050    0.00373097    0.00461030    0.00425649    0.00388281    0.00418130    0.00677986    0.00619231    0.00073999 
angle (deg.)     :    12.3662  8.1307  7.0224  6.8935  7.1525  6.7232  7.7922  13.3286 
>
iteration       : 13
climbing        : yes
zoom on         : no
nim             : 10
barrier         :   0.00967459 (image:  5) 
distance        :   0.00000000    2.78037625    4.18038881    5.29328429    6.35536725    7.47402503    8.50866217    9.61148450   10.92651505   14.03813503 
energy          : -422.02001370  -422.01822229  -422.01466306  -422.01200557  -422.01039353  -422.01033911  -422.01196977  -422.01502091  -422.01917300  -422.02209944 
max(|Fr_perp|)   :   0.00000000    0.00514970    0.00520836    0.00417824    0.00318078    0.00358901    0.00404486    0.00424447    0.00419074    0.00000000 
Fr_paral         :   0.00000000   -0.00249749   -0.00263205   -0.00214617   -0.00091022    0.00113070    0.00244780    0.00343846    0.00314916    0.00000000 
max(|Fsp_paral|) :   0.00000000    0.00388841    0.00381661    0.00385154    0.00188625    0.00256488    0.00325939    0.00668108    0.00673643    0.00000000 
max(|Fsp_perp|)  :   0.00000000    0.00000000    0.00000000    0.00000000    0.00000000    0.00000000    0.00000000    0.00000000    0.00000000    0.00000000 
max(|FNEB|)      :   0.00000000    0.00535426    0.00544507    0.00485602    0.00349223    0.00354531    0.00451832    0.00685129    0.00657665    0.00000000 
max(|Force|)     :   0.03444326    0.00510030    0.00514705    0.00411066    0.00314595    0.00363271    0.00416916    0.00501584    0.00474991    0.02545092 
ksp              :   0.02666500    0.05977547    0.08449736    0.09949369    0.10000000    0.10000000    0.08483042    0.05644646    0.01782080 
max(|step|)      :   0.00000000    0.02133363    0.02254993    0.02410723    0.01560882    0.01458324    0.01698191    0.03462421    0.03129942    0.00281744 
angle (deg.)     :    12.6817  8.1602  6.7011  7.0047  6.6684  6.5685  7.5984  13.9003 
>
iteration       : 14
climbing        : yes
zoom on         : no
nim             : 10
barrier         :   0.00981092 (image:  5) 
distance        :   0.00000000    2.82837124    4.23470092    5.36034163    6.39220930    7.46993163    8.45812060    9.50568636   10.83208387   14.04329461 
energy          : -422.02001370  -422.01810531  -422.01448222  -422.01178396  -422.01023955  -422.01020277  -422.01174438  -422.01462688  -422.01887653  -422.02209944 
max(|Fr_perp|)   :   0.00000000    0.00507854    0.00538096    0.00653157    0.00732742    0.00739346    0.00689415    0.00582315    0.00434067    0.00000000 
Fr_paral         :   0.00000000   -0.00237817   -0.00254003   -0.00202454   -0.00072079    0.00098527    0.00221366    0.00321463    0.00299360    0.00000000 
max(|Fsp_paral|) :   0.00000000    0.00308496    0.00395911    0.00218319    0.00151364    0.00274787    0.00291602    0.00383673    0.00471065    0.00000000 
max(|Fsp_perp|)  :   0.00000000    0.00000000    0.00000000    0.00000000    0.00000000    0.00000000    0.00000000    0.00000000    0.00000000    0.00000000 
max(|FNEB|)      :   0.00000000    0.00476529    0.00664694    0.00684589    0.00725777    0.00740979    0.00723829    0.00647338    0.00530596    0.00000000 
max(|Force|)     :   0.03444326    0.00517938    0.00550597    0.00657676    0.00733940    0.00737712    0.00686110    0.00589877    0.00436222    0.02545092 
ksp              :   0.02750648    0.06074268    0.08549504    0.09966260    0.10000000    0.10000000    0.08585814    0.05941566    0.02043171 
max(|step|)      :   0.00000000    0.02266878    0.02586573    0.02529100    0.01581591    0.01103009    0.01994529    0.03769679    0.03532391    0.00174060 
angle (deg.)     :    13.0156  8.1547  6.5705  6.9687  6.2322  6.3118  7.5377  14.4361 
>
iteration       : 15
climbing        : yes
zoom on         : no
nim             : 10
barrier         :   0.00978441 (image:  5) 
distance        :   0.00000000    2.88022607    4.30026403    5.42884528    6.43342682    7.46491300    8.39978944    9.39710461   10.73194925   14.04777683 
energy          : -422.02001370  -422.01803481  -422.01436973  -422.01170356  -422.01025148  -422.01022929  -422.01163355  -422.01432969  -422.01860345  -422.02209944 
max(|Fr_perp|)   :   0.00000000    0.00370658    0.00525840    0.00510135    0.00545490    0.00637893    0.00653091    0.00588161    0.00522305    0.00000000 
Fr_paral         :   0.00000000   -0.00231862   -0.00245258   -0.00188512   -0.00059900    0.00089651    0.00204796    0.00308765    0.00292796    0.00000000 
max(|Fsp_paral|) :   0.00000000    0.00269503    0.00351147    0.00089113    0.00089862    0.00299327    0.00218223    0.00127650    0.00248080    0.00000000 
max(|Fsp_perp|)  :   0.00000000    0.00000000    0.00000000    0.00000000    0.00000000    0.00000000    0.00000000    0.00000000    0.00000000    0.00000000 
max(|FNEB|)      :   0.00000000    0.00383352    0.00566739    0.00528954    0.00588120    0.00652583    0.00746798    0.00633995    0.00584973    0.00000000 
max(|Force|)     :   0.03444326    0.00380690    0.00538859    0.00515862    0.00553866    0.00623203    0.00623838    0.00551544    0.00495282    0.02545092 
ksp              :   0.02820242    0.06191499    0.08643922    0.09979587    0.10000000    0.10000000    0.08708316    0.06228322    0.02297191 
max(|step|)      :   0.00000000    0.06128976    0.07091248    0.05808128    0.03950057    0.03381313    0.05831424    0.08838483    0.08713761    0.00800296 
angle (deg.)     :    13.8724  8.0940  6.5558  6.8156  5.3842  5.3199  8.0324  15.7771 
>
iteration       : 16
climbing        : yes
zoom on         : no
nim             : 10
barrier         :   0.01052965 (image:  5) 
distance        :   0.00000000    3.02275627    4.48202548    5.58085079    6.52824712    7.44770307    8.24695369    9.15932090   10.49916883   14.05419547 
energy          : -422.02001370  -422.01737297  -422.01346611  -422.01066956  -422.00959929  -422.00948405  -422.01044085  -422.01281353  -422.01604784  -422.02209944 
max(|Fr_perp|)   :   0.00000000    0.02185031    0.02136598    0.02844338    0.02449815    0.02356546    0.02444960    0.02385090    0.03484676    0.00000000 
Fr_paral         :   0.00000000   -0.00219380   -0.00315707   -0.00206543   -0.00114206    0.00125025    0.00223764    0.00244568    0.00177043    0.00000000 
max(|Fsp_paral|) :   0.00000000    0.00087488    0.00090249    0.00165636    0.00059434    0.00380179    0.00127344    0.00414988    0.02142642    0.00000000 
max(|Fsp_perp|)  :   0.00000000    0.00000000    0.00000000    0.00000000    0.00000000    0.00000000    0.00000000    0.00000000    0.00000000    0.00000000 
max(|FNEB|)      :   0.00000000    0.02186369    0.02135471    0.02825793    0.02450676    0.02358927    0.02436648    0.02355785    0.03841665    0.00000000 
max(|Force|)     :   0.03444326    0.02185143    0.02137838    0.02836388    0.02451181    0.02354166    0.02440109    0.02379188    0.03495137    0.02545092 
ksp              :   0.03257109    0.06596418    0.08986706    0.09901503    0.10000000    0.10000000    0.09182191    0.07154195    0.04389733 
max(|step|)      :   0.00000000    0.03484258    0.03798996    0.03320661    0.02178941    0.01904589    0.03300166    0.05371907    0.05825454    0.00305465 
angle (deg.)     :    13.2923  8.1241  6.6968  6.6621  5.9926  5.9400  7.6318  14.9258 
>
iteration       : 17
climbing        : yes
zoom on         : no
nim             : 10
barrier         :   0.00952489 (image:  4) 
distance        :   0.00000000    2.93998717    4.38041715    5.48805795    6.47249507    7.45711548    8.33605351    9.30656076   10.65619656   14.04973850 
energy          : -422.02001370  -422.01803844  -422.01438794  -422.01183781  -422.01048880  -422.01049219  -422.01176979  -422.01429676  -422.01853478  -422.02209944 
max(|Fr_perp|)   :   0.00000000    0.00122636    0.00289780    0.00433492    0.00234352    0.00258808    0.00219500    0.00115502    0.00166239    0.00000000 
Fr_paral         :   0.00000000   -0.00236176   -0.00245251   -0.00182958   -0.00060560    0.00096947    0.00208393    0.00310946    0.00297354    0.00000000 
max(|Fsp_paral|) :   0.00000000    0.00269140    0.00206525    0.00059244    0.00000577    0.00333804    0.00084525    0.00037819    0.00179829    0.00000000 
max(|Fsp_perp|)  :   0.00000000    0.00000000    0.00000000    0.00000000    0.00000000    0.00000000    0.00000000    0.00000000    0.00000000    0.00000000 
max(|FNEB|)      :   0.00000000    0.00272403    0.00275795    0.00427305    0.00235481    0.00262651    0.00232555    0.00137718    0.00200986    0.00000000 
max(|Force|)     :   0.03444326    0.00201931    0.00302284    0.00439123    0.00236751    0.00254965    0.00209058    0.00187652    0.00216145    0.02545092 
ksp              :   0.02866407    0.06315734    0.08725337    0.10000000    0.10000000    0.09996803    0.08789604    0.06401895    0.02397418 
max(|step|)      :   0.00000000    0.01154034    0.01280306    0.00952564    0.00559957    0.00592139    0.00879079    0.01256738    0.01221597    0.00122484 
angle (deg.)     :    13.4143  8.1306  6.6675  6.6066  5.8580  5.7910  7.7376  15.1021 
>
