Arguements passed 9
Argument      0: spin_cell_scale_VASP.py
Argument      1: /scratch/c.sacdjw/50947600/Pd_bulk/EOS
Argument      2: 40
Argument      3: 50947600
Argument      4: /home/c.sacdjw/python/ase/vasp/EOS_Pd_VASP
Argument      5: Pd_bulk
Argument      6: EOS
Argument      7: hawk
Argument      8: NoFix
VASP run
reading POSCAR file
0 Pd   0.000000   0.000000   0.000000
1 Pd   0.000000   1.945350   1.945350
2 Pd   1.945350   0.000000   1.945350
3 Pd   1.945350   1.945350   0.000000
cell as read:
Cell([[3.8907, 0.0, 0.0], [-3e-10, 3.8907, 0.0], [-3e-10, -3e-10, 3.8907]])
matrix to be used for cell change
[[0.96 0.   0.  ]
 [0.   0.96 0.  ]
 [0.   0.   0.96]]
new cell:  Cell([[3.7350719999999997, 0.0, 0.0], [-2.88e-10, 3.7350719999999997, 0.0], [-2.88e-10, -2.88e-10, 3.7350719999999997]])
new cell lengths:  [3.735072 3.735072 3.735072]
new cell angles :  [90. 90. 90.]
      Step     Time          Energy         fmax
BFGS:    0 09:12:02      -22.257995        0.0000
Optimisation reached required accuracy
new_fname:  geometry_spin1_m0p040POSCAR
Strain:  [-0.04 -0.04 -0.04 -0.   -0.   -0.  ]
matrix to be used for cell change
[[1. 0. 0.]
 [0. 1. 0.]
 [0. 0. 1.]]
new cell:  Cell([[3.8907, 0.0, 0.0], [-3e-10, 3.8907, 0.0], [-3e-10, -3e-10, 3.8907]])
new cell lengths:  [3.8907 3.8907 3.8907]
new cell angles :  [90. 90. 90.]
      Step     Time          Energy         fmax
BFGS:    0 09:12:26      -22.965100        0.0000
Optimisation reached required accuracy
new_fname:  geometry_spin1_0p000POSCAR
Strain:  [0. 0. 0. 0. 0. 0.]
matrix to be used for cell change
[[1.04 0.   0.  ]
 [0.   1.04 0.  ]
 [0.   0.   1.04]]
new cell:  Cell([[4.046328, 0.0, 0.0], [-3.12e-10, 4.046328, 0.0], [-3.12e-10, -3.12e-10, 4.046328]])
new cell lengths:  [4.046328 4.046328 4.046328]
new cell angles :  [90. 90. 90.]
      Step     Time          Energy         fmax
BFGS:    0 09:12:56      -22.596969        0.0000
Optimisation reached required accuracy
new_fname:  geometry_spin1_0p040POSCAR
Strain:  [0.04 0.04 0.04 0.   0.   0.  ]
matrix to be used for cell change
[[0.96 0.   0.  ]
 [0.   0.96 0.  ]
 [0.   0.   0.96]]
new cell:  Cell([[3.7350719999999997, 0.0, 0.0], [-2.88e-10, 3.7350719999999997, 0.0], [-2.88e-10, -2.88e-10, 3.7350719999999997]])
new cell lengths:  [3.735072 3.735072 3.735072]
new cell angles :  [90. 90. 90.]
      Step     Time          Energy         fmax
BFGS:    0 09:13:51      -22.257995        0.0000
Optimisation reached required accuracy
new_fname:  geometry_spin2_m0p040POSCAR
Strain:  [-0.04 -0.04 -0.04 -0.   -0.   -0.  ]
matrix to be used for cell change
[[1. 0. 0.]
 [0. 1. 0.]
 [0. 0. 1.]]
new cell:  Cell([[3.8907, 0.0, 0.0], [-3e-10, 3.8907, 0.0], [-3e-10, -3e-10, 3.8907]])
new cell lengths:  [3.8907 3.8907 3.8907]
new cell angles :  [90. 90. 90.]
      Step     Time          Energy         fmax
BFGS:    0 09:14:38      -22.965100        0.0000
Optimisation reached required accuracy
new_fname:  geometry_spin2_0p000POSCAR
Strain:  [0. 0. 0. 0. 0. 0.]
matrix to be used for cell change
[[1.04 0.   0.  ]
 [0.   1.04 0.  ]
 [0.   0.   1.04]]
new cell:  Cell([[4.046328, 0.0, 0.0], [-3.12e-10, 4.046328, 0.0], [-3.12e-10, -3.12e-10, 4.046328]])
new cell lengths:  [4.046328 4.046328 4.046328]
new cell angles :  [90. 90. 90.]
      Step     Time          Energy         fmax
BFGS:    0 09:15:38      -22.596969        0.0000
Optimisation reached required accuracy
new_fname:  geometry_spin2_0p040POSCAR
Strain:  [0.04 0.04 0.04 0.   0.   0.  ]
