NEB log file generated by ORCA
All quantities are given in atomic units. Unless stated otherwise. 
iteration       : 0
climbing        : no
zoom on         : no
nim             : 10
barrier         :   0.02207030 (image:  5) 
distance        :   0.00000000    0.87770073    1.75550391    2.63257997    3.50626077    4.37955118    5.25403128    6.13100840    7.00850815    7.88579030 
energy          : -323.52399206  -323.52073760  -323.51534701  -323.50866896  -323.50227625  -323.50192176  -323.50808162  -323.51741733  -323.52568446  -323.53025466 
max(|Fr_perp|)   :   0.00000000    0.01741458    0.02016465    0.02721320    0.03615887    0.03547291    0.02618109    0.01669163    0.01730624    0.00000000 
Fr_paral         :   0.00000000   -0.00448638   -0.00730814   -0.00750357   -0.00265553    0.00209193    0.00868337    0.01114106    0.00714583    0.00000000 
max(|Fsp_paral|) :   0.00000000    0.01245204    0.01186235    0.01414815    0.00076675    0.00006369    0.01279069    0.01772418    0.01158280    0.00000000 
max(|Fsp_perp|)  :   0.00000000    0.00000000    0.00000000    0.00000000    0.00000000    0.00000000    0.00000000    0.00000000    0.00000000    0.00000000 
max(|FNEB|)      :   0.00000000    0.01836172    0.02019017    0.02770253    0.03648754    0.03575156    0.02618216    0.02331972    0.01817972    0.00000000 
max(|Force|)     :   0.00059018    0.01723033    0.02037639    0.02734884    0.03644003    0.03576806    0.02646194    0.01698408    0.01707855    0.00029886 
ksp              :   0.02327189    0.04523718    0.07246240    0.09855572    0.10000000    0.10000000    0.07486780    0.03680484    0.01000000 
max(|step|)      :   0.00000000    0.02445296    0.02688797    0.03689245    0.04859176    0.04761162    0.03486771    0.03105570    0.02421059    0.00000000 
angle (deg.)     :    17.3050  17.7453  19.4720  18.4394  17.7475  18.0855  17.1133  17.1997 
>
iteration       : 1
climbing        : no
zoom on         : no
nim             : 10
barrier         :   0.02004606 (image:  5) 
distance        :   0.00000000    0.89964933    1.78211396    2.65530429    3.49603835    4.36789936    5.20998507    6.06855454    6.95732181    7.86161677 
energy          : -323.52399206  -323.52127566  -323.51589137  -323.50948977  -323.50423376  -323.50394601  -323.50928808  -323.51790158  -323.52616509  -323.53025466 
max(|Fr_perp|)   :   0.00000000    0.01186887    0.01149312    0.01717988    0.02291545    0.02277769    0.02002493    0.01379631    0.01107651    0.00000000 
Fr_paral         :   0.00000000   -0.00565034   -0.00917896   -0.00968115   -0.00588647    0.00510657    0.01105159    0.01261846    0.00839285    0.00000000 
max(|Fsp_paral|) :   0.00000000    0.01351662    0.01218867    0.01080024    0.00260966    0.00184986    0.01114754    0.01722081    0.01178066    0.00000000 
max(|Fsp_perp|)  :   0.00000000    0.00000000    0.00000000    0.00000000    0.00000000    0.00000000    0.00000000    0.00000000    0.00000000    0.00000000 
max(|FNEB|)      :   0.00000000    0.01761669    0.02139933    0.02136536    0.02340089    0.02249811    0.02090219    0.02106764    0.01751241    0.00000000 
max(|Force|)     :   0.00059018    0.01166708    0.01116586    0.01666216    0.02223856    0.02332587    0.01953413    0.01202893    0.01090093    0.00029886 
ksp              :   0.02219575    0.04636937    0.07511037    0.09870808    0.10000000    0.10000000    0.07601591    0.03734423    0.01000000 
max(|step|)      :   0.00000000    0.02495191    0.02691499    0.02197145    0.02274025    0.02228882    0.02062599    0.02517233    0.02488541    0.00073609 
angle (deg.)     :    17.2634  17.7792  18.1735  18.2642  17.7004  17.0847  16.9260  17.1513 
>
iteration       : 2
climbing        : yes
zoom on         : no
nim             : 10
barrier         :   0.01920353 (image:  5) 
distance        :   0.00000000    0.92813743    1.81831954    2.68737045    3.50609638    4.37158092    5.18954918    6.03220108    6.93521748    7.87284072 
energy          : -323.52399206  -323.52147596  -323.51603866  -323.50981673  -323.50495656  -323.50478854  -323.50985301  -323.51795296  -323.52627880  -323.53025466 
max(|Fr_perp|)   :   0.00000000    0.00540364    0.00871219    0.01429438    0.01961467    0.01951389    0.01426854    0.00879122    0.00697402    0.00000000 
Fr_paral         :   0.00000000   -0.00562061   -0.00838898   -0.00806265   -0.00381133    0.00343956    0.00951214    0.01181206    0.00862740    0.00000000 
max(|Fsp_paral|) :   0.00000000    0.01403944    0.01192462    0.00912571    0.00330309    0.00295138    0.01031188    0.01607111    0.01212152    0.00000000 
max(|Fsp_perp|)  :   0.00000000    0.00000000    0.00000000    0.00000000    0.00000000    0.00000000    0.00000000    0.00000000    0.00000000    0.00000000 
max(|FNEB|)      :   0.00000000    0.01529813    0.01571377    0.01443718    0.01985670    0.01971647    0.01426705    0.01569201    0.01567525    0.00000000 
max(|Force|)     :   0.00059018    0.00725910    0.00898540    0.01445596    0.01982713    0.01973317    0.01452304    0.01008451    0.00940137    0.00029886 
ksp              :   0.02178736    0.04725824    0.07641617    0.09921303    0.10000000    0.10000000    0.07625264    0.03829219    0.01000000 
max(|step|)      :   0.00000000    0.02747482    0.02822128    0.02592859    0.03566181    0.03540997    0.02562303    0.02818221    0.02815210    0.00000000 
angle (deg.)     :    17.7044  17.6504  17.0939  17.8939  17.2092  16.2341  16.8959  17.6308 
>
iteration       : 3
climbing        : yes
zoom on         : no
nim             : 10
barrier         :   0.01868069 (image:  5) 
distance        :   0.00000000    0.96863163    1.86579767    2.72085845    3.52317621    4.37075439    5.16690165    5.99079570    6.90500169    7.88958984 
energy          : -323.52399206  -323.52147903  -323.51599793  -323.50993187  -323.50543637  -323.50531138  -323.51007694  -323.51784368  -323.52620186  -323.53025466 
max(|Fr_perp|)   :   0.00000000    0.00384440    0.00828450    0.01191305    0.01708195    0.01775306    0.01377795    0.00820989    0.00474252    0.00000000 
Fr_paral         :   0.00000000   -0.00509728   -0.00731685   -0.00679624   -0.00262205    0.00246495    0.00820622    0.01053489    0.00806062    0.00000000 
max(|Fsp_paral|) :   0.00000000    0.01413714    0.01136704    0.00812804    0.00312294    0.00320587    0.00955324    0.01492998    0.01249717    0.00000000 
max(|Fsp_perp|)  :   0.00000000    0.00000000    0.00000000    0.00000000    0.00000000    0.00000000    0.00000000    0.00000000    0.00000000    0.00000000 
max(|FNEB|)      :   0.00000000    0.01421961    0.01193999    0.01176261    0.01705292    0.01775341    0.01403129    0.01830877    0.01382404    0.00000000 
max(|Force|)     :   0.00059018    0.00383599    0.00825238    0.01198923    0.01708249    0.01775272    0.01379889    0.00823309    0.00698091    0.00029886 
ksp              :   0.02210733    0.04851425    0.07773934    0.09939783    0.10000000    0.10000000    0.07704041    0.03962174    0.01000000 
max(|step|)      :   0.00000000    0.03288154    0.03122130    0.01727930    0.01765256    0.02111170    0.02971948    0.03831118    0.03571950    0.00591074 
angle (deg.)     :    18.3048  17.3570  15.9416  17.4730  16.7199  15.1836  16.6840  18.3304 
>
iteration       : 4
climbing        : yes
zoom on         : no
nim             : 10
barrier         :   0.01841738 (image:  5) 
distance        :   0.00000000    1.01888768    1.92101282    2.75611442    3.53736313    4.36548917    5.13145230    5.93077107    6.85292900    7.89694215 
energy          : -323.52399206  -323.52135533  -323.51578847  -323.50988315  -323.50563195  -323.50557468  -323.51010126  -323.51751406  -323.52593909  -323.53025466 
max(|Fr_perp|)   :   0.00000000    0.00367745    0.00877670    0.01403930    0.02000848    0.02018062    0.01535519    0.00967333    0.00471721    0.00000000 
Fr_paral         :   0.00000000   -0.00518667   -0.00746583   -0.00703592   -0.00265227    0.00262869    0.00834451    0.01043976    0.00803839    0.00000000 
max(|Fsp_paral|) :   0.00000000    0.01386314    0.01039402    0.00726512    0.00306851    0.00388751    0.00854841    0.01323151    0.01337715    0.00000000 
max(|Fsp_perp|)  :   0.00000000    0.00000000    0.00000000    0.00000000    0.00000000    0.00000000    0.00000000    0.00000000    0.00000000    0.00000000 
max(|FNEB|)      :   0.00000000    0.01415395    0.01080263    0.01389930    0.01998676    0.02017800    0.01527366    0.01384876    0.01368613    0.00000000 
max(|Force|)     :   0.00059018    0.00429976    0.00881273    0.01412211    0.02000595    0.02018325    0.01539514    0.00971010    0.00553270    0.00029886 
ksp              :   0.02288490    0.05008839    0.07894587    0.09972015    0.10000000    0.10000000    0.07788002    0.04165598    0.01000000 
max(|step|)      :   0.00000000    0.09402780    0.08286995    0.04938234    0.04037800    0.04797427    0.07102382    0.09290310    0.10000000    0.01358017 
angle (deg.)     :    20.1172  17.0143  13.9956  16.3936  15.1563  13.2002  16.6876  20.2154 
>
iteration       : 5
climbing        : yes
zoom on         : no
nim             : 10
barrier         :   0.01800291 (image:  4) 
distance        :   0.00000000    1.16256106    2.07502949    2.85858912    3.58612844    4.36005425    5.04729604    5.78430941    6.71603383    7.93492923 
energy          : -323.52399206  -323.52072552  -323.51492275  -323.50949711  -323.50598916  -323.50601585  -323.50967443  -323.51617526  -323.52481225  -323.53025466 
max(|Fr_perp|)   :   0.00000000    0.00682405    0.01337200    0.01519928    0.01687809    0.01689090    0.01517425    0.01278309    0.00696597    0.00000000 
Fr_paral         :   0.00000000   -0.00477415   -0.00611733   -0.00512840   -0.00103071    0.00116810    0.00620498    0.00860125    0.00773836    0.00000000 
max(|Fsp_paral|) :   0.00000000    0.01221817    0.00730859    0.00481931    0.00290204    0.00548207    0.00514145    0.00824615    0.01668435    0.00000000 
max(|Fsp_perp|)  :   0.00000000    0.00000000    0.00000000    0.00000000    0.00000000    0.00000000    0.00000000    0.00000000    0.00000000    0.00000000 
max(|FNEB|)      :   0.00000000    0.01289674    0.01358627    0.01528044    0.01688074    0.01686379    0.01522255    0.01663475    0.01790112    0.00000000 
max(|Force|)     :   0.00059018    0.00679982    0.01328048    0.01514382    0.01687544    0.01689400    0.01515511    0.01266219    0.00685175    0.00029886 
ksp              :   0.02633011    0.05533924    0.08246307    0.10000000    0.10000000    0.09986654    0.08157662    0.04907770    0.01000000 
max(|step|)      :   0.00000000    0.09005623    0.07034110    0.03993444    0.04073520    0.04148977    0.07153593    0.09313713    0.10000000    0.01342696 
angle (deg.)     :    21.6341  16.7014  13.0381  15.8268  13.5785  12.0973  16.4644  21.8301 
>
iteration       : 6
climbing        : yes
zoom on         : no
nim             : 10
barrier         :   0.01780949 (image:  4) 
distance        :   0.00000000    1.29687143    2.20581987    2.94157516    3.61612647    4.33384882    4.96528752    5.64676316    6.55084796    7.95014155 
energy          : -323.52399206  -323.52004003  -323.51418214  -323.50924802  -323.50618257  -323.50620207  -323.50931766  -323.51498697  -323.52338225  -323.53025466 
max(|Fr_perp|)   :   0.00000000    0.00522282    0.00636407    0.01012976    0.01496196    0.01529776    0.01057884    0.00518227    0.00463253    0.00000000 
Fr_paral         :   0.00000000   -0.00518186   -0.00651796   -0.00569199   -0.00164131    0.00188030    0.00645432    0.00848176    0.00805202    0.00000000 
max(|Fsp_paral|) :   0.00000000    0.00907859    0.00427131    0.00304900    0.00269535    0.00542541    0.00352822    0.00423771    0.01636461    0.00000000 
max(|Fsp_perp|)  :   0.00000000    0.00000000    0.00000000    0.00000000    0.00000000    0.00000000    0.00000000    0.00000000    0.00000000    0.00000000 
max(|FNEB|)      :   0.00000000    0.00981044    0.00735957    0.01024723    0.01518553    0.01548288    0.01066873    0.00692867    0.01882381    0.00000000 
max(|Force|)     :   0.00059018    0.00523792    0.00639154    0.01031242    0.01517494    0.01553008    0.01079633    0.00693169    0.00480445    0.00029886 
ksp              :   0.02996029    0.05955039    0.08448621    0.10000000    0.10000000    0.09990150    0.08414169    0.05548947    0.01306938 
max(|step|)      :   0.00000000    0.01609572    0.01207463    0.01681235    0.02491448    0.02540233    0.01750389    0.01136768    0.03088369    0.00000000 
angle (deg.)     :    21.4281  16.2775  13.2552  15.1385  13.4441  12.4887  15.7181  21.3898 
>
iteration       : 7
climbing        : yes
zoom on         : no
nim             : 10
barrier         :   0.01750010 (image:  4) 
distance        :   0.00000000    1.31871890    2.21374970    2.94375926    3.60917111    4.31002359    4.94374127    5.62123960    6.48159056    7.92761826 
energy          : -323.52399206  -323.52001792  -323.51422619  -323.50940046  -323.50649197  -323.50650660  -323.50954180  -323.51509217  -323.52305104  -323.53025466 
max(|Fr_perp|)   :   0.00000000    0.00333759    0.00496704    0.00633828    0.01009097    0.01078505    0.00779317    0.00423109    0.00600818    0.00000000 
Fr_paral         :   0.00000000   -0.00578374   -0.00682867   -0.00540732   -0.00153680    0.00159724    0.00628010    0.00896858    0.00911668    0.00000000 
max(|Fsp_paral|) :   0.00000000    0.00810613    0.00434890    0.00258642    0.00220365    0.00420484    0.00380050    0.00538155    0.01371142    0.00000000 
max(|Fsp_perp|)  :   0.00000000    0.00000000    0.00000000    0.00000000    0.00000000    0.00000000    0.00000000    0.00000000    0.00000000    0.00000000 
max(|FNEB|)      :   0.00000000    0.00958079    0.00514155    0.00630287    0.01008468    0.01082601    0.00778857    0.00700970    0.01428743    0.00000000 
max(|Force|)     :   0.00059018    0.00338063    0.00483562    0.00636662    0.01009725    0.01077853    0.00781539    0.00554020    0.00726575    0.00029886 
ksp              :   0.03043835    0.06022423    0.08504213    0.10000000    0.10000000    0.09992475    0.08431525    0.05577063    0.01483954 
max(|step|)      :   0.00000000    0.01554535    0.00891823    0.00753042    0.00879085    0.01070925    0.00979755    0.01089431    0.02549815    0.00216656 
angle (deg.)     :    21.4648  16.0172  13.2313  14.5946  13.1515  12.5383  15.1997  21.5016 
>
iteration       : 8
climbing        : yes
zoom on         : no
nim             : 10
barrier         :   0.01728988 (image:  5) 
distance        :   0.00000000    1.33992631    2.22386751    2.94727424    3.60453855    4.29098741    4.92439208    5.59661094    6.42297418    7.91206098 
energy          : -323.52399206  -323.51994344  -323.51420462  -323.50948056  -323.50670449  -323.50670218  -323.50964264  -323.51506786  -323.52271527  -323.53025466 
max(|Fr_perp|)   :   0.00000000    0.00205638    0.00307754    0.00628269    0.00926989    0.00980052    0.00712091    0.00353422    0.00264047    0.00000000 
Fr_paral         :   0.00000000   -0.00595805   -0.00700105   -0.00566323   -0.00203813    0.00211123    0.00654328    0.00907786    0.00922840    0.00000000 
max(|Fsp_paral|) :   0.00000000    0.00715195    0.00426544    0.00223628    0.00181601    0.00329181    0.00393231    0.00605845    0.01137533    0.00000000 
max(|Fsp_perp|)  :   0.00000000    0.00000000    0.00000000    0.00000000    0.00000000    0.00000000    0.00000000    0.00000000    0.00000000    0.00000000 
max(|FNEB|)      :   0.00000000    0.00862985    0.00480777    0.00625176    0.00926286    0.00983228    0.00711349    0.00687072    0.01101771    0.00000000 
max(|Force|)     :   0.00059018    0.00355608    0.00467541    0.00630914    0.00927693    0.00979324    0.00714611    0.00590185    0.00555081    0.00029886 
ksp              :   0.03107453    0.06094712    0.08553755    0.09998799    0.10000000    0.10000000    0.08469390    0.05645370    0.01664618 
max(|step|)      :   0.00000000    0.06833883    0.03493478    0.02789133    0.03204457    0.04187202    0.03936674    0.05119093    0.10000000    0.01601510 
angle (deg.)     :    22.0217  14.7536  13.8812  12.3203  12.6749  13.1251  12.3927  22.9500 
>
iteration       : 9
climbing        : yes
zoom on         : no
nim             : 10
barrier         :   0.01729606 (image:  5) 
distance        :   0.00000000    1.43431044    2.27750266    2.97146882    3.60284214    4.22831664    4.85682421    5.50299853    6.20790186    7.87656152 
energy          : -323.52399206  -323.51935270  -323.51382321  -323.50936300  -323.50682986  -323.50669601  -323.50942403  -323.51447359  -323.52101013  -323.53025466 
max(|Fr_perp|)   :   0.00000000    0.00499606    0.00280161    0.00992677    0.01005360    0.01148767    0.00716248    0.00686938    0.00887604    0.00000000 
Fr_paral         :   0.00000000   -0.00645010   -0.00711854   -0.00519123   -0.00204557    0.00144704    0.00618308    0.00947901    0.00997159    0.00000000 
max(|Fsp_paral|) :   0.00000000    0.00230135    0.00357897    0.00173998    0.00008431    0.00017653    0.00455476    0.00798787    0.00034804    0.00000000 
max(|Fsp_perp|)  :   0.00000000    0.00000000    0.00000000    0.00000000    0.00000000    0.00000000    0.00000000    0.00000000    0.00000000    0.00000000 
max(|FNEB|)      :   0.00000000    0.00535082    0.00446550    0.01025709    0.01038343    0.01186570    0.00744981    0.00899774    0.00910713    0.00000000 
max(|Force|)     :   0.00059018    0.00510952    0.00605989    0.01020618    0.01033898    0.01186572    0.00743395    0.00741428    0.00974613    0.00029886 
ksp              :   0.03412926    0.06288030    0.08610376    0.09928286    0.10000000    0.10000000    0.08577918    0.05949678    0.02553052 
max(|step|)      :   0.00000000    0.00483362    0.00403387    0.00926566    0.00937979    0.01071879    0.00672972    0.00812804    0.00822685    0.00000000 
angle (deg.)     :    22.2314  14.9647  13.3107  12.5110  12.2454  12.4554  12.8784  23.3255 
>
iteration       : 10
climbing        : yes
zoom on         : no
nim             : 10
barrier         :   0.01713927 (image:  5) 
distance        :   0.00000000    1.43898978    2.28509497    2.97485438    3.60483446    4.22872714    4.84917468    5.48952103    6.20825475    7.87859467 
energy          : -323.52399206  -323.51936997  -323.51381871  -323.50943853  -323.50694074  -323.50685279  -323.50947920  -323.51442857  -323.52108457  -323.53025466 
max(|Fr_perp|)   :   0.00000000    0.00274241    0.00237664    0.00556150    0.00676255    0.00854299    0.00639642    0.00342585    0.00610981    0.00000000 
Fr_paral         :   0.00000000   -0.00616849   -0.00712378   -0.00599643   -0.00279723    0.00256535    0.00672770    0.00899201    0.00918670    0.00000000 
max(|Fsp_paral|) :   0.00000000    0.00245818    0.00317978    0.00183021    0.00019524    0.00021181    0.00420961    0.00709047    0.00058267    0.00000000 
max(|Fsp_perp|)  :   0.00000000    0.00000000    0.00000000    0.00000000    0.00000000    0.00000000    0.00000000    0.00000000    0.00000000    0.00000000 
max(|FNEB|)      :   0.00000000    0.00362439    0.00443829    0.00631769    0.00675268    0.00824760    0.00641120    0.00827415    0.00612915    0.00000000 
max(|Force|)     :   0.00059018    0.00479638    0.00544668    0.00523705    0.00643004    0.00883838    0.00640175    0.00631682    0.00705045    0.00029886 
ksp              :   0.03427107    0.06342127    0.08642203    0.09953820    0.10000000    0.10000000    0.08620849    0.06021885    0.02526754 
max(|step|)      :   0.00000000    0.00371180    0.00392920    0.00356175    0.00451092    0.00516877    0.00432434    0.00638785    0.00308998    0.00038872 
angle (deg.)     :    22.3171  14.9624  13.1559  12.5624  12.2128  12.2617  12.9321  23.4449 
>
iteration       : 11
climbing        : yes
zoom on         : no
nim             : 10
barrier         :   0.01707967 (image:  5) 
distance        :   0.00000000    1.44337527    2.29175207    2.97904207    3.60711994    4.22917637    4.84513250    5.48111281    6.21095073    7.88252970 
energy          : -323.52399206  -323.51937179  -323.51380418  -323.50946306  -323.50699178  -323.50691239  -323.50948956  -323.51436684  -323.52111176  -323.53025466 
max(|Fr_perp|)   :   0.00000000    0.00208032    0.00201143    0.00442952    0.00515144    0.00671473    0.00521737    0.00305544    0.00481365    0.00000000 
Fr_paral         :   0.00000000   -0.00613350   -0.00704355   -0.00583732   -0.00260654    0.00240981    0.00653898    0.00892093    0.00918504    0.00000000 
max(|Fsp_paral|) :   0.00000000    0.00251901    0.00291840    0.00180348    0.00020854    0.00037508    0.00408040    0.00634334    0.00121088    0.00000000 
max(|Fsp_perp|)  :   0.00000000    0.00000000    0.00000000    0.00000000    0.00000000    0.00000000    0.00000000    0.00000000    0.00000000    0.00000000 
max(|FNEB|)      :   0.00000000    0.00334316    0.00390471    0.00517836    0.00513932    0.00643520    0.00523338    0.00734077    0.00484997    0.00000000 
max(|Force|)     :   0.00059018    0.00433728    0.00501085    0.00467016    0.00484012    0.00699427    0.00522173    0.00600868    0.00660965    0.00029886 
ksp              :   0.03434617    0.06368425    0.08655947    0.09958166    0.10000000    0.10000000    0.08641981    0.06071935    0.02517753 
max(|step|)      :   0.00000000    0.03360455    0.03412221    0.02947780    0.03745386    0.04311946    0.04439496    0.06020154    0.02598466    0.01245475 
angle (deg.)     :    23.1595  15.1235  11.9696  12.5457  11.6795  10.6144  14.1160  24.5326 
>
iteration       : 12
climbing        : yes
zoom on         : no
nim             : 10
barrier         :   0.01696715 (image:  5) 
distance        :   0.00000000    1.48784988    2.35056297    3.01720121    3.62202121    4.22737072    4.79866196    5.40197252    6.21390173    7.90971080 
energy          : -323.52399206  -323.51915419  -323.51351152  -323.50941890  -323.50710366  -323.50702492  -323.50924996  -323.51360783  -323.52099727  -323.53025466 
max(|Fr_perp|)   :   0.00000000    0.00261324    0.00269415    0.00262823    0.00425126    0.00402442    0.00352327    0.00403802    0.00497540    0.00000000 
Fr_paral         :   0.00000000   -0.00574924   -0.00633876   -0.00511044   -0.00199328    0.00172906    0.00544072    0.00788091    0.00903425    0.00000000 
max(|Fsp_paral|) :   0.00000000    0.00198191    0.00085975    0.00119088    0.00018792    0.00209578    0.00240603    0.00022274    0.00496542    0.00000000 
max(|Fsp_perp|)  :   0.00000000    0.00000000    0.00000000    0.00000000    0.00000000    0.00000000    0.00000000    0.00000000    0.00000000    0.00000000 
max(|FNEB|)      :   0.00000000    0.00273959    0.00288532    0.00281646    0.00422115    0.00402113    0.00396991    0.00397981    0.00666963    0.00000000 
max(|Force|)     :   0.00059018    0.00373296    0.00397545    0.00368260    0.00422770    0.00402771    0.00396561    0.00617831    0.00598827    0.00029886 
ksp              :   0.03566188    0.06559264    0.08730145    0.09958233    0.10000000    0.10000000    0.08819752    0.06508183    0.02588547 
max(|step|)      :   0.00000000    0.01677643    0.01238687    0.01254484    0.01320941    0.01298563    0.02904275    0.03467389    0.02192946    0.00371193 
angle (deg.)     :    23.5740  14.6415  11.8313  12.6092  11.5318  10.5441  13.4364  25.4498 
>
iteration       : 13
climbing        : yes
zoom on         : no
nim             : 10
barrier         :   0.01698709 (image:  5) 
distance        :   0.00000000    1.51472814    2.37531269    3.03407041    3.62288831    4.21537401    4.76064406    5.36071941    6.17614987    7.90642920 
energy          : -323.52399206  -323.51901198  -323.51333103  -323.50936712  -323.50704562  -323.50700498  -323.50908024  -323.51310723  -323.52066974  -323.53025466 
max(|Fr_perp|)   :   0.00000000    0.00245784    0.00862623    0.00489749    0.01016052    0.00815975    0.00686599    0.01527015    0.00878422    0.00000000 
Fr_paral         :   0.00000000   -0.00587796   -0.00678781   -0.00499468   -0.00121867    0.00133831    0.00534775    0.00848339    0.00814488    0.00000000 
max(|Fsp_paral|) :   0.00000000    0.00116982    0.00022228    0.00065758    0.00030185    0.00288875    0.00068641    0.00107703    0.00413497    0.00000000 
max(|Fsp_perp|)  :   0.00000000    0.00000000    0.00000000    0.00000000    0.00000000    0.00000000    0.00000000    0.00000000    0.00000000    0.00000000 
max(|FNEB|)      :   0.00000000    0.00244842    0.00861009    0.00487814    0.01019445    0.00818971    0.00689391    0.01522069    0.00942765    0.00000000 
max(|Force|)     :   0.00059018    0.00343664    0.00869055    0.00492250    0.01016981    0.00812978    0.00675640    0.01511412    0.00869377    0.00029886 
ksp              :   0.03638517    0.06648366    0.08748504    0.09978466    0.10000000    0.10000000    0.08900493    0.06766938    0.02760212 
max(|step|)      :   0.00000000    0.00229294    0.00437253    0.00223381    0.00462714    0.00367820    0.00313626    0.00653367    0.00513230    0.00059748 
angle (deg.)     :    23.4247  14.8477  11.9332  12.1876  11.4001  10.5227  13.7764  24.8422 
>
iteration       : 14
climbing        : yes
zoom on         : no
nim             : 10
barrier         :   0.01687385 (image:  5) 
distance        :   0.00000000    1.51389416    2.37316539    3.03299801    3.62128732    4.21341577    4.76013026    5.36313561    6.17072148    7.90241219 
energy          : -323.52399206  -323.51903191  -323.51340389  -323.50941000  -323.50720631  -323.50711821  -323.50915603  -323.51338963  -323.52070864  -323.53025466 
max(|Fr_perp|)   :   0.00000000    0.00180913    0.00275181    0.00247303    0.00386126    0.00374436    0.00304419    0.00364523    0.00230346    0.00000000 
Fr_paral         :   0.00000000   -0.00591786   -0.00658510   -0.00494253   -0.00174006    0.00152061    0.00526799    0.00834208    0.00907943    0.00000000 
max(|Fsp_paral|) :   0.00000000    0.00107288    0.00042601    0.00037191    0.00040404    0.00278115    0.00056869    0.00000088    0.00340043    0.00000000 
max(|Fsp_perp|)  :   0.00000000    0.00000000    0.00000000    0.00000000    0.00000000    0.00000000    0.00000000    0.00000000    0.00000000    0.00000000 
max(|FNEB|)      :   0.00000000    0.00179452    0.00272913    0.00260751    0.00400551    0.00374861    0.00306906    0.00365537    0.00412729    0.00000000 
max(|Force|)     :   0.00059018    0.00315192    0.00415144    0.00335997    0.00408416    0.00406080    0.00395893    0.00579370    0.00432784    0.00029886 
ksp              :   0.03645595    0.06647411    0.08777631    0.09953008    0.10000000    0.10000000    0.08913088    0.06655014    0.02751279 
max(|step|)      :   0.00000000    0.00955017    0.00686272    0.00865866    0.00951368    0.00832414    0.01370884    0.01293009    0.01531465    0.00155616 
angle (deg.)     :    23.4802  14.9209  11.9689  11.6591  11.0634  10.4731  14.1220  24.6410 
>
iteration       : 15
climbing        : yes
zoom on         : no
nim             : 10
barrier         :   0.01678688 (image:  5) 
distance        :   0.00000000    1.52808085    2.38496820    3.04105954    3.62042867    4.20407993    4.73939969    5.34257776    6.14353474    7.89686823 
energy          : -323.52399206  -323.51896590  -323.51335462  -323.50942228  -323.50729992  -323.50720518  -323.50913236  -323.51330009  -323.52051392  -323.53025466 
max(|Fr_perp|)   :   0.00000000    0.00105529    0.00170742    0.00181533    0.00231098    0.00245474    0.00224972    0.00310810    0.00319107    0.00000000 
Fr_paral         :   0.00000000   -0.00597145   -0.00641259   -0.00492210   -0.00207110    0.00168845    0.00508819    0.00796675    0.00942595    0.00000000 
max(|Fsp_paral|) :   0.00000000    0.00054176    0.00019927    0.00009830    0.00044111    0.00295423    0.00034091    0.00009899    0.00206482    0.00000000 
max(|Fsp_perp|)  :   0.00000000    0.00000000    0.00000000    0.00000000    0.00000000    0.00000000    0.00000000    0.00000000    0.00000000    0.00000000 
max(|FNEB|)      :   0.00000000    0.00105165    0.00174307    0.00176678    0.00248563    0.00243227    0.00240173    0.00312495    0.00351345    0.00000000 
max(|Force|)     :   0.00059018    0.00306078    0.00349899    0.00324587    0.00201308    0.00288171    0.00363532    0.00423432    0.00670765    0.00029886 
ksp              :   0.03694692    0.06703084    0.08811341    0.09949209    0.10000000    0.10000000    0.08966778    0.06732321    0.02864749 
max(|step|)      :   0.00000000    0.01604994    0.01053849    0.01543673    0.01732860    0.01556417    0.02282644    0.02239608    0.02583070    0.00286965 
angle (deg.)     :    23.6769  14.8756  11.9838  11.0695  10.5574  10.4859  14.1937  24.7727 
>
iteration       : 16
climbing        : yes
zoom on         : no
nim             : 10
barrier         :   0.01670665 (image:  5) 
distance        :   0.00000000    1.55220398    2.40515903    3.05444723    3.62035080    4.18799003    4.70704662    5.30868772    6.09904497    7.88991229 
energy          : -323.52399206  -323.51883652  -323.51325448  -323.50941843  -323.50738469  -323.50728541  -323.50907404  -323.51310596  -323.52018538  -323.53025466 
max(|Fr_perp|)   :   0.00000000    0.00093777    0.00199653    0.00145459    0.00217916    0.00223469    0.00201275    0.00550994    0.00298716    0.00000000 
Fr_paral         :   0.00000000   -0.00602648   -0.00634796   -0.00491058   -0.00219903    0.00177973    0.00492181    0.00769542    0.00947896    0.00000000 
max(|Fsp_paral|) :   0.00000000    0.00041816    0.00021417    0.00069105    0.00028933    0.00295619    0.00151899    0.00006932    0.00021370    0.00000000 
max(|Fsp_perp|)  :   0.00000000    0.00000000    0.00000000    0.00000000    0.00000000    0.00000000    0.00000000    0.00000000    0.00000000    0.00000000 
max(|FNEB|)      :   0.00000000    0.00087646    0.00200354    0.00146737    0.00218955    0.00223059    0.00228393    0.00552811    0.00288895    0.00000000 
max(|Force|)     :   0.00059018    0.00335121    0.00372435    0.00338670    0.00217383    0.00223878    0.00294366    0.00553073    0.00646438    0.00029886 
ksp              :   0.03777333    0.06784416    0.08850929    0.09946516    0.10000000    0.10000000    0.09036451    0.06864428    0.03050688 
max(|step|)      :   0.00000000    0.01036771    0.01169751    0.01640441    0.01945058    0.01764125    0.01568563    0.02034198    0.01700484    0.00263184 
angle (deg.)     :    23.9339  14.7502  12.1554  10.4570  10.2163  10.9807  13.4045  25.3556 
>
iteration       : 17
climbing        : yes
zoom on         : no
nim             : 10
barrier         :   0.01664026 (image:  5) 
distance        :   0.00000000    1.56878783    2.42094642    3.06243571    3.62199147    4.16922416    4.69047061    5.28183122    6.06810463    7.88578836 
energy          : -323.52399206  -323.51875457  -323.51319444  -323.50944283  -323.50743970  -323.50735180  -323.50909246  -323.51301243  -323.51995915  -323.53025466 
max(|Fr_perp|)   :   0.00000000    0.00090993    0.00170110    0.00118156    0.00603196    0.00307495    0.00156473    0.00173055    0.00521815    0.00000000 
Fr_paral         :   0.00000000   -0.00593743   -0.00631969   -0.00482564   -0.00235063    0.00180334    0.00476119    0.00804064    0.00960580    0.00000000 
max(|Fsp_paral|) :   0.00000000    0.00100021    0.00074398    0.00070465    0.00058347    0.00157183    0.00089163    0.00060380    0.00186002    0.00000000 
max(|Fsp_perp|)  :   0.00000000    0.00000000    0.00000000    0.00000000    0.00000000    0.00000000    0.00000000    0.00000000    0.00000000    0.00000000 
max(|FNEB|)      :   0.00000000    0.00135834    0.00168733    0.00125658    0.00597324    0.00282628    0.00180071    0.00165668    0.00522770    0.00000000 
max(|Force|)     :   0.00059018    0.00357031    0.00337028    0.00337386    0.00599681    0.00332362    0.00277950    0.00477842    0.00854076    0.00029886 
ksp              :   0.03832736    0.06839970    0.08869054    0.09952461    0.10000000    0.10000000    0.09058557    0.06938410    0.03181230 
max(|step|)      :   0.00000000    0.01394665    0.01805904    0.02536948    0.02934226    0.02789335    0.02366068    0.03243875    0.02983896    0.00593165 
angle (deg.)     :    24.2872  14.6247  11.7426  10.7363  9.8855  10.5945  12.9693  26.5056 
>
iteration       : 18
climbing        : yes
zoom on         : no
nim             : 10
barrier         :   0.01656915 (image:  5) 
distance        :   0.00000000    1.59112486    2.44349122    3.07393001    3.62399127    4.14045212    4.66854212    5.24423458    6.03348214    7.88739594 
energy          : -323.52399206  -323.51863237  -323.51308884  -323.50946023  -323.50753606  -323.50742291  -323.50908767  -323.51277949  -323.51969408  -323.53025466 
max(|Fr_perp|)   :   0.00000000    0.00104338    0.00104463    0.00133481    0.00559624    0.00210522    0.00205468    0.00376222    0.00479895    0.00000000 
Fr_paral         :   0.00000000   -0.00596461   -0.00632719   -0.00470266   -0.00162404    0.00143465    0.00470659    0.00740761    0.00853788    0.00000000 
max(|Fsp_paral|) :   0.00000000    0.00173748    0.00155862    0.00081556    0.00180460    0.00069542    0.00027498    0.00220796    0.00338631    0.00000000 
max(|Fsp_perp|)  :   0.00000000    0.00000000    0.00000000    0.00000000    0.00000000    0.00000000    0.00000000    0.00000000    0.00000000    0.00000000 
max(|FNEB|)      :   0.00000000    0.00240767    0.00208121    0.00140916    0.00554312    0.00205543    0.00201773    0.00473981    0.00596990    0.00000000 
max(|Force|)     :   0.00059018    0.00386552    0.00387144    0.00333251    0.00557515    0.00216163    0.00304471    0.00576412    0.00658819    0.00029886 
ksp              :   0.03911267    0.06922393    0.08893374    0.09938540    0.10000000    0.10000000    0.09095740    0.07090426    0.03334569 
max(|step|)      :   0.00000000    0.00737784    0.00509222    0.00375036    0.00471142    0.00347635    0.00779176    0.00936599    0.01008676    0.00085169 
angle (deg.)     :    24.1948  14.6097  11.8792  10.5983  10.1159  10.8107  12.6916  26.4103 
>
